<?xml version="1.0" encoding="UTF-8"?>
<!-- Generated by org.testng.reporters.JUnitXMLReporter -->
<testsuite ignored="2" hostname="LAPTOP-EEAS1CV9" failures="0" tests="2" name="Firefox" time="85.037" errors="0" timestamp="2023-09-07T14:24:24 IST">
  <testcase classname="com.comcast.organization.CreateOrg" name="organization" time="18.251"/>
  <testcase classname="com.comcast.Contact.CreateContact" name="contact" time="24.241"/>
  <testcase classname="com.comcast.crm.generic.basetest.BaseClass" name="@AfterSuite configAS" time="0.0">
    <ignored/>
  </testcase> <!-- @AfterSuite configAS -->
  <testcase classname="com.comcast.crm.generic.basetest.BaseClass" name="@BeforeSuite configBS" time="0.0">
    <ignored/>
  </testcase> <!-- @BeforeSuite configBS -->
</testsuite> <!-- Firefox -->
