<?xml version="1.0" encoding="UTF-8"?>
<!-- Generated by org.testng.reporters.JUnitXMLReporter -->
<testsuite ignored="0" hostname="LAPTOP-EEAS1CV9" failures="0" tests="3" name="Test" time="61.489" errors="0" timestamp="2023-09-04T18:07:07 IST">
  <testcase classname="Practice.OrgTest.CreateOrgTest" name="org" time="20.149"/>
  <testcase classname="Practice.OrgTest.CreateOrgWithIndustryTest" name="industry" time="23.525"/>
  <testcase classname="Practice.OrgTest.CreateOrgWithPhoneNoTest" name="create" time="17.769"/>
</testsuite> <!-- Test -->
