<?xml version="1.0" encoding="UTF-8"?>
<testng-results ignored="0" total="1" passed="1" failed="0" skipped="0">
  <reporter-output>
  </reporter-output>
  <suite started-at="2023-09-07T15:16:13 IST" name="Default suite" finished-at="2023-09-07T15:16:47 IST" duration-ms="33958">
    <groups>
    </groups>
    <test started-at="2023-09-07T15:16:13 IST" name="Default test" finished-at="2023-09-07T15:16:47 IST" duration-ms="33958">
      <class name="Practice.ContactTest.CreateContactTest">
        <test-method signature="contact()[pri:0, instance:Practice.ContactTest.CreateContactTest@a38c7fe]" started-at="2023-09-07T15:16:13 IST" name="contact" finished-at="2023-09-07T15:16:47 IST" duration-ms="33860" status="PASS">
          <reporter-output>
          </reporter-output>
        </test-method> <!-- contact -->
      </class> <!-- Practice.ContactTest.CreateContactTest -->
    </test> <!-- Default test -->
  </suite> <!-- Default suite -->
</testng-results>
